1748203129: mosquitto version 2.0.21 starting
1748203129: Config loaded from /mosquitto/config/mosquitto.conf.
1748203129: Opening ipv4 listen socket on port 1883.
1748203129: Opening ipv6 listen socket on port 1883.
1748203129: Opening websockets listen socket on port 9001.
1748203129: mosquitto version 2.0.21 running
1748203147: New connection from 172.18.0.1:60784 on port 1883.
1748203147: New client connected from 172.18.0.1:60784 as mock_pub_evse_mock_001_0526c5 (p2, c1, k60).
1748203147: No will message specified.
1748203147: Sending CONNACK to mock_pub_evse_mock_001_0526c5 (0, 0)
1748203147: Received PUBLISH from mock_pub_evse_mock_001_0526c5 (d0, q1, r0, m1, 'evse/evse_mock_001/telemetry', ... (278 bytes))
1748203147: Sending PUBACK to mock_pub_evse_mock_001_0526c5 (m1, rc0)
1748203157: Received PUBLISH from mock_pub_evse_mock_001_0526c5 (d0, q1, r0, m2, 'evse/evse_mock_001/telemetry', ... (278 bytes))
1748203157: Sending PUBACK to mock_pub_evse_mock_001_0526c5 (m2, rc0)
1748203167: Received PUBLISH from mock_pub_evse_mock_001_0526c5 (d0, q1, r0, m3, 'evse/evse_mock_001/telemetry', ... (278 bytes))
1748203167: Sending PUBACK to mock_pub_evse_mock_001_0526c5 (m3, rc0)
1748203177: Received PUBLISH from mock_pub_evse_mock_001_0526c5 (d0, q1, r0, m4, 'evse/evse_mock_001/telemetry', ... (278 bytes))
1748203177: Sending PUBACK to mock_pub_evse_mock_001_0526c5 (m4, rc0)
1748203187: Received PUBLISH from mock_pub_evse_mock_001_0526c5 (d0, q1, r0, m5, 'evse/evse_mock_001/telemetry', ... (278 bytes))
1748203187: Sending PUBACK to mock_pub_evse_mock_001_0526c5 (m5, rc0)
1748203197: Received PUBLISH from mock_pub_evse_mock_001_0526c5 (d0, q1, r0, m6, 'evse/evse_mock_001/telemetry', ... (278 bytes))
1748203197: Sending PUBACK to mock_pub_evse_mock_001_0526c5 (m6, rc0)
1748203207: Received PUBLISH from mock_pub_evse_mock_001_0526c5 (d0, q1, r0, m7, 'evse/evse_mock_001/telemetry', ... (278 bytes))
1748203207: Sending PUBACK to mock_pub_evse_mock_001_0526c5 (m7, rc0)
1748203207: Received PINGREQ from mock_pub_evse_mock_001_0526c5
1748203207: Sending PINGRESP to mock_pub_evse_mock_001_0526c5
1748203217: Received PUBLISH from mock_pub_evse_mock_001_0526c5 (d0, q1, r0, m8, 'evse/evse_mock_001/telemetry', ... (278 bytes))
1748203217: Sending PUBACK to mock_pub_evse_mock_001_0526c5 (m8, rc0)
1748203227: Received PUBLISH from mock_pub_evse_mock_001_0526c5 (d0, q1, r0, m9, 'evse/evse_mock_001/telemetry', ... (278 bytes))
1748203227: Sending PUBACK to mock_pub_evse_mock_001_0526c5 (m9, rc0)
1748203237: Received PUBLISH from mock_pub_evse_mock_001_0526c5 (d0, q1, r0, m10, 'evse/evse_mock_001/telemetry', ... (278 bytes))
1748203237: Sending PUBACK to mock_pub_evse_mock_001_0526c5 (m10, rc0)
1748203247: Received PUBLISH from mock_pub_evse_mock_001_0526c5 (d0, q1, r0, m11, 'evse/evse_mock_001/telemetry', ... (278 bytes))
1748203247: Sending PUBACK to mock_pub_evse_mock_001_0526c5 (m11, rc0)
1748203257: Received PUBLISH from mock_pub_evse_mock_001_0526c5 (d0, q1, r0, m12, 'evse/evse_mock_001/telemetry', ... (278 bytes))
1748203257: Sending PUBACK to mock_pub_evse_mock_001_0526c5 (m12, rc0)
1748203267: Received PUBLISH from mock_pub_evse_mock_001_0526c5 (d0, q1, r0, m13, 'evse/evse_mock_001/telemetry', ... (306 bytes))
1748203267: Sending PUBACK to mock_pub_evse_mock_001_0526c5 (m13, rc0)
1748203267: Received PINGREQ from mock_pub_evse_mock_001_0526c5
1748203267: Sending PINGRESP to mock_pub_evse_mock_001_0526c5
1748203277: Received PUBLISH from mock_pub_evse_mock_001_0526c5 (d0, q1, r0, m14, 'evse/evse_mock_001/telemetry', ... (318 bytes))
1748203277: Sending PUBACK to mock_pub_evse_mock_001_0526c5 (m14, rc0)
1748203287: Received DISCONNECT from mock_pub_evse_mock_001_0526c5
1748203287: Client mock_pub_evse_mock_001_0526c5 disconnected.
1748203288: New connection from 172.18.0.1:56786 on port 1883.
1748203288: New client connected from 172.18.0.1:56786 as mock_pub_evse_mock_001_77a08b (p2, c1, k60).
1748203288: No will message specified.
1748203288: Sending CONNACK to mock_pub_evse_mock_001_77a08b (0, 0)
1748203288: Received PUBLISH from mock_pub_evse_mock_001_77a08b (d0, q1, r0, m1, 'evse/evse_mock_001/telemetry', ... (306 bytes))
1748203288: Sending PUBACK to mock_pub_evse_mock_001_77a08b (m1, rc0)
1748203294: Received DISCONNECT from mock_pub_evse_mock_001_77a08b
1748203294: Client mock_pub_evse_mock_001_77a08b disconnected.
1748203301: mosquitto version 2.0.21 terminating
1748203301: Saving in-memory database to /mosquitto/data//mosquitto.db.
1748203301: Warning: File /mosquitto/data//mosquitto.db.new has world readable permissions. Future versions will refuse to load this file.
To fix this, use `chmod 0700 /mosquitto/data//mosquitto.db.new`.
1748203301: Warning: File /mosquitto/data//mosquitto.db.new owner is not mosquitto. Future versions will refuse to load this file.To fix this, use `chown mosquitto /mosquitto/data//mosquitto.db.new`.
1748203301: Warning: File /mosquitto/data//mosquitto.db.new group is not mosquitto. Future versions will refuse to load this file.
1748203305: mosquitto version 2.0.21 starting
1748203305: Config loaded from /mosquitto/config/mosquitto.conf.
1748203305: Opening ipv4 listen socket on port 1883.
1748203305: Opening ipv6 listen socket on port 1883.
1748203305: Opening websockets listen socket on port 9001.
1748203305: mosquitto version 2.0.21 running
1748203310: New connection from 172.18.0.1:57964 on port 1883.
1748203310: New client connected from 172.18.0.1:57964 as mock_pub_evse_mock_001_8eb2b1 (p2, c1, k60).
1748203310: No will message specified.
1748203310: Sending CONNACK to mock_pub_evse_mock_001_8eb2b1 (0, 0)
1748203310: Received PUBLISH from mock_pub_evse_mock_001_8eb2b1 (d0, q1, r0, m1, 'evse/evse_mock_001/telemetry', ... (278 bytes))
1748203310: Sending PUBACK to mock_pub_evse_mock_001_8eb2b1 (m1, rc0)
1748203325: Received PUBLISH from mock_pub_evse_mock_001_8eb2b1 (d0, q1, r0, m2, 'evse/evse_mock_001/telemetry', ... (304 bytes))
1748203325: Sending PUBACK to mock_pub_evse_mock_001_8eb2b1 (m2, rc0)
1748203340: Received PUBLISH from mock_pub_evse_mock_001_8eb2b1 (d0, q1, r0, m3, 'evse/evse_mock_001/telemetry', ... (308 bytes))
1748203340: Sending PUBACK to mock_pub_evse_mock_001_8eb2b1 (m3, rc0)
1748203355: Received PUBLISH from mock_pub_evse_mock_001_8eb2b1 (d0, q1, r0, m4, 'evse/evse_mock_001/telemetry', ... (308 bytes))
1748203355: Sending PUBACK to mock_pub_evse_mock_001_8eb2b1 (m4, rc0)
1748203361: Received DISCONNECT from mock_pub_evse_mock_001_8eb2b1
1748203361: Client mock_pub_evse_mock_001_8eb2b1 disconnected.
1748203371: New connection from 172.18.0.1:45014 on port 1883.
1748203371: New client connected from 172.18.0.1:45014 as mock_pub_evse_mock_001_a0595a (p2, c1, k60).
1748203371: No will message specified.
1748203371: Sending CONNACK to mock_pub_evse_mock_001_a0595a (0, 0)
1748203371: Received PUBLISH from mock_pub_evse_mock_001_a0595a (d0, q1, r0, m1, 'evse/evse_mock_001/telemetry', ... (278 bytes))
1748203371: Sending PUBACK to mock_pub_evse_mock_001_a0595a (m1, rc0)
1748203381: Received PUBLISH from mock_pub_evse_mock_001_a0595a (d0, q1, r0, m2, 'evse/evse_mock_001/telemetry', ... (278 bytes))
1748203381: Sending PUBACK to mock_pub_evse_mock_001_a0595a (m2, rc0)
1748203391: Received PUBLISH from mock_pub_evse_mock_001_a0595a (d0, q1, r0, m3, 'evse/evse_mock_001/telemetry', ... (278 bytes))
1748203391: Sending PUBACK to mock_pub_evse_mock_001_a0595a (m3, rc0)
1748203401: Received PUBLISH from mock_pub_evse_mock_001_a0595a (d0, q1, r0, m4, 'evse/evse_mock_001/telemetry', ... (278 bytes))
1748203401: Sending PUBACK to mock_pub_evse_mock_001_a0595a (m4, rc0)
1748203411: Received PUBLISH from mock_pub_evse_mock_001_a0595a (d0, q1, r0, m5, 'evse/evse_mock_001/telemetry', ... (304 bytes))
1748203411: Sending PUBACK to mock_pub_evse_mock_001_a0595a (m5, rc0)
1748203421: Received PUBLISH from mock_pub_evse_mock_001_a0595a (d0, q1, r0, m6, 'evse/evse_mock_001/telemetry', ... (320 bytes))
1748203421: Sending PUBACK to mock_pub_evse_mock_001_a0595a (m6, rc0)
1748203431: Received PUBLISH from mock_pub_evse_mock_001_a0595a (d0, q1, r0, m7, 'evse/evse_mock_001/telemetry', ... (321 bytes))
1748203431: Sending PUBACK to mock_pub_evse_mock_001_a0595a (m7, rc0)
1748203431: Received PINGREQ from mock_pub_evse_mock_001_a0595a
1748203431: Sending PINGRESP to mock_pub_evse_mock_001_a0595a
1748203441: Received PUBLISH from mock_pub_evse_mock_001_a0595a (d0, q1, r0, m8, 'evse/evse_mock_001/telemetry', ... (307 bytes))
1748203441: Sending PUBACK to mock_pub_evse_mock_001_a0595a (m8, rc0)
1748203451: Received PUBLISH from mock_pub_evse_mock_001_a0595a (d0, q1, r0, m9, 'evse/evse_mock_001/telemetry', ... (323 bytes))
1748203451: Sending PUBACK to mock_pub_evse_mock_001_a0595a (m9, rc0)
1748203461: Received PUBLISH from mock_pub_evse_mock_001_a0595a (d0, q1, r0, m10, 'evse/evse_mock_001/telemetry', ... (322 bytes))
1748203461: Sending PUBACK to mock_pub_evse_mock_001_a0595a (m10, rc0)
1748203472: Received PUBLISH from mock_pub_evse_mock_001_a0595a (d0, q1, r0, m11, 'evse/evse_mock_001/telemetry', ... (321 bytes))
1748203472: Sending PUBACK to mock_pub_evse_mock_001_a0595a (m11, rc0)
1748203482: Received PUBLISH from mock_pub_evse_mock_001_a0595a (d0, q1, r0, m12, 'evse/evse_mock_001/telemetry', ... (322 bytes))
1748203482: Sending PUBACK to mock_pub_evse_mock_001_a0595a (m12, rc0)
1748203492: Received PUBLISH from mock_pub_evse_mock_001_a0595a (d0, q1, r0, m13, 'evse/evse_mock_001/telemetry', ... (320 bytes))
1748203492: Sending PUBACK to mock_pub_evse_mock_001_a0595a (m13, rc0)
1748203492: Received PINGREQ from mock_pub_evse_mock_001_a0595a
1748203492: Sending PINGRESP to mock_pub_evse_mock_001_a0595a
1748203502: Received PUBLISH from mock_pub_evse_mock_001_a0595a (d0, q1, r0, m14, 'evse/evse_mock_001/telemetry', ... (320 bytes))
1748203502: Sending PUBACK to mock_pub_evse_mock_001_a0595a (m14, rc0)
1748203512: Received PUBLISH from mock_pub_evse_mock_001_a0595a (d0, q1, r0, m15, 'evse/evse_mock_001/telemetry', ... (321 bytes))
1748203512: Sending PUBACK to mock_pub_evse_mock_001_a0595a (m15, rc0)
1748203522: Received PUBLISH from mock_pub_evse_mock_001_a0595a (d0, q1, r0, m16, 'evse/evse_mock_001/telemetry', ... (333 bytes))
1748203522: Sending PUBACK to mock_pub_evse_mock_001_a0595a (m16, rc0)
1748203532: Received PUBLISH from mock_pub_evse_mock_001_a0595a (d0, q1, r0, m17, 'evse/evse_mock_001/telemetry', ... (320 bytes))
1748203532: Sending PUBACK to mock_pub_evse_mock_001_a0595a (m17, rc0)
1748203542: Received PUBLISH from mock_pub_evse_mock_001_a0595a (d0, q1, r0, m18, 'evse/evse_mock_001/telemetry', ... (322 bytes))
1748203542: Sending PUBACK to mock_pub_evse_mock_001_a0595a (m18, rc0)
1748203552: Received PUBLISH from mock_pub_evse_mock_001_a0595a (d0, q1, r0, m19, 'evse/evse_mock_001/telemetry', ... (319 bytes))
1748203552: Sending PUBACK to mock_pub_evse_mock_001_a0595a (m19, rc0)
1748203552: Received PINGREQ from mock_pub_evse_mock_001_a0595a
1748203552: Sending PINGRESP to mock_pub_evse_mock_001_a0595a
1748203562: Received PUBLISH from mock_pub_evse_mock_001_a0595a (d0, q1, r0, m20, 'evse/evse_mock_001/telemetry', ... (322 bytes))
1748203562: Sending PUBACK to mock_pub_evse_mock_001_a0595a (m20, rc0)
1748203572: Received PUBLISH from mock_pub_evse_mock_001_a0595a (d0, q1, r0, m21, 'evse/evse_mock_001/telemetry', ... (322 bytes))
1748203572: Sending PUBACK to mock_pub_evse_mock_001_a0595a (m21, rc0)
1748203582: Received PUBLISH from mock_pub_evse_mock_001_a0595a (d0, q1, r0, m22, 'evse/evse_mock_001/telemetry', ... (321 bytes))
1748203582: Sending PUBACK to mock_pub_evse_mock_001_a0595a (m22, rc0)
1748203592: Received PUBLISH from mock_pub_evse_mock_001_a0595a (d0, q1, r0, m23, 'evse/evse_mock_001/telemetry', ... (321 bytes))
1748203592: Sending PUBACK to mock_pub_evse_mock_001_a0595a (m23, rc0)
1748203602: Received PUBLISH from mock_pub_evse_mock_001_a0595a (d0, q1, r0, m24, 'evse/evse_mock_001/telemetry', ... (320 bytes))
1748203602: Sending PUBACK to mock_pub_evse_mock_001_a0595a (m24, rc0)
1748203612: Received PUBLISH from mock_pub_evse_mock_001_a0595a (d0, q1, r0, m25, 'evse/evse_mock_001/telemetry', ... (334 bytes))
1748203612: Sending PUBACK to mock_pub_evse_mock_001_a0595a (m25, rc0)
1748203612: Received PINGREQ from mock_pub_evse_mock_001_a0595a
1748203612: Sending PINGRESP to mock_pub_evse_mock_001_a0595a
1748203622: Received PUBLISH from mock_pub_evse_mock_001_a0595a (d0, q1, r0, m26, 'evse/evse_mock_001/telemetry', ... (334 bytes))
1748203622: Sending PUBACK to mock_pub_evse_mock_001_a0595a (m26, rc0)
1748203632: Received PUBLISH from mock_pub_evse_mock_001_a0595a (d0, q1, r0, m27, 'evse/evse_mock_001/telemetry', ... (321 bytes))
1748203632: Sending PUBACK to mock_pub_evse_mock_001_a0595a (m27, rc0)
1748203642: Received PUBLISH from mock_pub_evse_mock_001_a0595a (d0, q1, r0, m28, 'evse/evse_mock_001/telemetry', ... (320 bytes))
1748203642: Sending PUBACK to mock_pub_evse_mock_001_a0595a (m28, rc0)
1748203652: Received PUBLISH from mock_pub_evse_mock_001_a0595a (d0, q1, r0, m29, 'evse/evse_mock_001/telemetry', ... (321 bytes))
1748203652: Sending PUBACK to mock_pub_evse_mock_001_a0595a (m29, rc0)
1748203662: Received PUBLISH from mock_pub_evse_mock_001_a0595a (d0, q1, r0, m30, 'evse/evse_mock_001/telemetry', ... (322 bytes))
1748203662: Sending PUBACK to mock_pub_evse_mock_001_a0595a (m30, rc0)
1748203672: Received PUBLISH from mock_pub_evse_mock_001_a0595a (d0, q1, r0, m31, 'evse/evse_mock_001/telemetry', ... (321 bytes))
1748203672: Sending PUBACK to mock_pub_evse_mock_001_a0595a (m31, rc0)
1748203672: Received PINGREQ from mock_pub_evse_mock_001_a0595a
1748203672: Sending PINGRESP to mock_pub_evse_mock_001_a0595a
1748203682: Received PUBLISH from mock_pub_evse_mock_001_a0595a (d0, q1, r0, m32, 'evse/evse_mock_001/telemetry', ... (322 bytes))
1748203682: Sending PUBACK to mock_pub_evse_mock_001_a0595a (m32, rc0)
1748203692: Received PUBLISH from mock_pub_evse_mock_001_a0595a (d0, q1, r0, m33, 'evse/evse_mock_001/telemetry', ... (321 bytes))
1748203692: Sending PUBACK to mock_pub_evse_mock_001_a0595a (m33, rc0)
1748203702: Received PUBLISH from mock_pub_evse_mock_001_a0595a (d0, q1, r0, m34, 'evse/evse_mock_001/telemetry', ... (322 bytes))
1748203702: Sending PUBACK to mock_pub_evse_mock_001_a0595a (m34, rc0)
1748203710: Received PINGREQ from mock_pub_evse_mock_001_a0595a
1748203710: Sending PINGRESP to mock_pub_evse_mock_001_a0595a
1748203710: Received PUBLISH from mock_pub_evse_mock_001_a0595a (d0, q1, r0, m35, 'evse/evse_mock_001/telemetry', ... (322 bytes))
1748203710: Sending PUBACK to mock_pub_evse_mock_001_a0595a (m35, rc0)
1748203930: Client mock_pub_evse_mock_001_a0595a has exceeded timeout, disconnecting.
1748205324: Saving in-memory database to /mosquitto/data//mosquitto.db.
1748205324: Warning: File /mosquitto/data//mosquitto.db.new has world readable permissions. Future versions will refuse to load this file.
To fix this, use `chmod 0700 /mosquitto/data//mosquitto.db.new`.
1748205324: Warning: File /mosquitto/data//mosquitto.db.new owner is not mosquitto. Future versions will refuse to load this file.To fix this, use `chown mosquitto /mosquitto/data//mosquitto.db.new`.
1748205324: Warning: File /mosquitto/data//mosquitto.db.new group is not mosquitto. Future versions will refuse to load this file.
1748222772: Saving in-memory database to /mosquitto/data//mosquitto.db.
1748222772: Warning: File /mosquitto/data//mosquitto.db.new has world readable permissions. Future versions will refuse to load this file.
To fix this, use `chmod 0700 /mosquitto/data//mosquitto.db.new`.
1748222772: Warning: File /mosquitto/data//mosquitto.db.new owner is not mosquitto. Future versions will refuse to load this file.To fix this, use `chown mosquitto /mosquitto/data//mosquitto.db.new`.
1748222772: Warning: File /mosquitto/data//mosquitto.db.new group is not mosquitto. Future versions will refuse to load this file.
1748224573: Saving in-memory database to /mosquitto/data//mosquitto.db.
1748224573: Warning: File /mosquitto/data//mosquitto.db.new has world readable permissions. Future versions will refuse to load this file.
To fix this, use `chmod 0700 /mosquitto/data//mosquitto.db.new`.
1748224573: Warning: File /mosquitto/data//mosquitto.db.new owner is not mosquitto. Future versions will refuse to load this file.To fix this, use `chown mosquitto /mosquitto/data//mosquitto.db.new`.
1748224573: Warning: File /mosquitto/data//mosquitto.db.new group is not mosquitto. Future versions will refuse to load this file.
1748226374: Saving in-memory database to /mosquitto/data//mosquitto.db.
1748226374: Warning: File /mosquitto/data//mosquitto.db.new has world readable permissions. Future versions will refuse to load this file.
To fix this, use `chmod 0700 /mosquitto/data//mosquitto.db.new`.
1748226374: Warning: File /mosquitto/data//mosquitto.db.new owner is not mosquitto. Future versions will refuse to load this file.To fix this, use `chown mosquitto /mosquitto/data//mosquitto.db.new`.
1748226374: Warning: File /mosquitto/data//mosquitto.db.new group is not mosquitto. Future versions will refuse to load this file.
1748228175: Saving in-memory database to /mosquitto/data//mosquitto.db.
1748228175: Warning: File /mosquitto/data//mosquitto.db.new has world readable permissions. Future versions will refuse to load this file.
To fix this, use `chmod 0700 /mosquitto/data//mosquitto.db.new`.
1748228175: Warning: File /mosquitto/data//mosquitto.db.new owner is not mosquitto. Future versions will refuse to load this file.To fix this, use `chown mosquitto /mosquitto/data//mosquitto.db.new`.
1748228175: Warning: File /mosquitto/data//mosquitto.db.new group is not mosquitto. Future versions will refuse to load this file.
1748232350: Saving in-memory database to /mosquitto/data//mosquitto.db.
1748232350: Warning: File /mosquitto/data//mosquitto.db.new has world readable permissions. Future versions will refuse to load this file.
To fix this, use `chmod 0700 /mosquitto/data//mosquitto.db.new`.
1748232350: Warning: File /mosquitto/data//mosquitto.db.new owner is not mosquitto. Future versions will refuse to load this file.To fix this, use `chown mosquitto /mosquitto/data//mosquitto.db.new`.
1748232350: Warning: File /mosquitto/data//mosquitto.db.new group is not mosquitto. Future versions will refuse to load this file.
1748248234: Saving in-memory database to /mosquitto/data//mosquitto.db.
1748248234: Warning: File /mosquitto/data//mosquitto.db.new has world readable permissions. Future versions will refuse to load this file.
To fix this, use `chmod 0700 /mosquitto/data//mosquitto.db.new`.
1748248234: Warning: File /mosquitto/data//mosquitto.db.new owner is not mosquitto. Future versions will refuse to load this file.To fix this, use `chown mosquitto /mosquitto/data//mosquitto.db.new`.
1748248234: Warning: File /mosquitto/data//mosquitto.db.new group is not mosquitto. Future versions will refuse to load this file.
1748263736: Saving in-memory database to /mosquitto/data//mosquitto.db.
1748263736: Warning: File /mosquitto/data//mosquitto.db.new has world readable permissions. Future versions will refuse to load this file.
To fix this, use `chmod 0700 /mosquitto/data//mosquitto.db.new`.
1748263736: Warning: File /mosquitto/data//mosquitto.db.new owner is not mosquitto. Future versions will refuse to load this file.To fix this, use `chown mosquitto /mosquitto/data//mosquitto.db.new`.
1748263736: Warning: File /mosquitto/data//mosquitto.db.new group is not mosquitto. Future versions will refuse to load this file.
1748266417: Saving in-memory database to /mosquitto/data//mosquitto.db.
1748266417: Warning: File /mosquitto/data//mosquitto.db.new has world readable permissions. Future versions will refuse to load this file.
To fix this, use `chmod 0700 /mosquitto/data//mosquitto.db.new`.
1748266417: Warning: File /mosquitto/data//mosquitto.db.new owner is not mosquitto. Future versions will refuse to load this file.To fix this, use `chown mosquitto /mosquitto/data//mosquitto.db.new`.
1748266417: Warning: File /mosquitto/data//mosquitto.db.new group is not mosquitto. Future versions will refuse to load this file.
1748268232: Saving in-memory database to /mosquitto/data//mosquitto.db.
1748268232: Warning: File /mosquitto/data//mosquitto.db.new has world readable permissions. Future versions will refuse to load this file.
To fix this, use `chmod 0700 /mosquitto/data//mosquitto.db.new`.
1748268232: Warning: File /mosquitto/data//mosquitto.db.new owner is not mosquitto. Future versions will refuse to load this file.To fix this, use `chown mosquitto /mosquitto/data//mosquitto.db.new`.
1748268232: Warning: File /mosquitto/data//mosquitto.db.new group is not mosquitto. Future versions will refuse to load this file.
1748270033: Saving in-memory database to /mosquitto/data//mosquitto.db.
1748270033: Warning: File /mosquitto/data//mosquitto.db.new has world readable permissions. Future versions will refuse to load this file.
To fix this, use `chmod 0700 /mosquitto/data//mosquitto.db.new`.
1748270033: Warning: File /mosquitto/data//mosquitto.db.new owner is not mosquitto. Future versions will refuse to load this file.To fix this, use `chown mosquitto /mosquitto/data//mosquitto.db.new`.
1748270033: Warning: File /mosquitto/data//mosquitto.db.new group is not mosquitto. Future versions will refuse to load this file.
1748271834: Saving in-memory database to /mosquitto/data//mosquitto.db.
1748271834: Warning: File /mosquitto/data//mosquitto.db.new has world readable permissions. Future versions will refuse to load this file.
To fix this, use `chmod 0700 /mosquitto/data//mosquitto.db.new`.
1748271834: Warning: File /mosquitto/data//mosquitto.db.new owner is not mosquitto. Future versions will refuse to load this file.To fix this, use `chown mosquitto /mosquitto/data//mosquitto.db.new`.
1748271834: Warning: File /mosquitto/data//mosquitto.db.new group is not mosquitto. Future versions will refuse to load this file.
1748273635: Saving in-memory database to /mosquitto/data//mosquitto.db.
1748273635: Warning: File /mosquitto/data//mosquitto.db.new has world readable permissions. Future versions will refuse to load this file.
To fix this, use `chmod 0700 /mosquitto/data//mosquitto.db.new`.
1748273635: Warning: File /mosquitto/data//mosquitto.db.new owner is not mosquitto. Future versions will refuse to load this file.To fix this, use `chown mosquitto /mosquitto/data//mosquitto.db.new`.
1748273635: Warning: File /mosquitto/data//mosquitto.db.new group is not mosquitto. Future versions will refuse to load this file.
1748283218: Saving in-memory database to /mosquitto/data//mosquitto.db.
1748283218: Warning: File /mosquitto/data//mosquitto.db.new has world readable permissions. Future versions will refuse to load this file.
To fix this, use `chmod 0700 /mosquitto/data//mosquitto.db.new`.
1748283218: Warning: File /mosquitto/data//mosquitto.db.new owner is not mosquitto. Future versions will refuse to load this file.To fix this, use `chown mosquitto /mosquitto/data//mosquitto.db.new`.
1748283218: Warning: File /mosquitto/data//mosquitto.db.new group is not mosquitto. Future versions will refuse to load this file.
1748285019: Saving in-memory database to /mosquitto/data//mosquitto.db.
1748285019: Warning: File /mosquitto/data//mosquitto.db.new has world readable permissions. Future versions will refuse to load this file.
To fix this, use `chmod 0700 /mosquitto/data//mosquitto.db.new`.
1748285019: Warning: File /mosquitto/data//mosquitto.db.new owner is not mosquitto. Future versions will refuse to load this file.To fix this, use `chown mosquitto /mosquitto/data//mosquitto.db.new`.
1748285019: Warning: File /mosquitto/data//mosquitto.db.new group is not mosquitto. Future versions will refuse to load this file.
1748286820: Saving in-memory database to /mosquitto/data//mosquitto.db.
1748286820: Warning: File /mosquitto/data//mosquitto.db.new has world readable permissions. Future versions will refuse to load this file.
To fix this, use `chmod 0700 /mosquitto/data//mosquitto.db.new`.
1748286820: Warning: File /mosquitto/data//mosquitto.db.new owner is not mosquitto. Future versions will refuse to load this file.To fix this, use `chown mosquitto /mosquitto/data//mosquitto.db.new`.
1748286820: Warning: File /mosquitto/data//mosquitto.db.new group is not mosquitto. Future versions will refuse to load this file.
1748288621: Saving in-memory database to /mosquitto/data//mosquitto.db.
1748288621: Warning: File /mosquitto/data//mosquitto.db.new has world readable permissions. Future versions will refuse to load this file.
To fix this, use `chmod 0700 /mosquitto/data//mosquitto.db.new`.
1748288621: Warning: File /mosquitto/data//mosquitto.db.new owner is not mosquitto. Future versions will refuse to load this file.To fix this, use `chown mosquitto /mosquitto/data//mosquitto.db.new`.
1748288621: Warning: File /mosquitto/data//mosquitto.db.new group is not mosquitto. Future versions will refuse to load this file.
1748290422: Saving in-memory database to /mosquitto/data//mosquitto.db.
1748290422: Warning: File /mosquitto/data//mosquitto.db.new has world readable permissions. Future versions will refuse to load this file.
To fix this, use `chmod 0700 /mosquitto/data//mosquitto.db.new`.
1748290422: Warning: File /mosquitto/data//mosquitto.db.new owner is not mosquitto. Future versions will refuse to load this file.To fix this, use `chown mosquitto /mosquitto/data//mosquitto.db.new`.
1748290422: Warning: File /mosquitto/data//mosquitto.db.new group is not mosquitto. Future versions will refuse to load this file.
